<?xml version="1.0" encoding="UTF-8" ?>
<testsuite failures="0" time="0.023" errors="0" skipped="0" tests="1" name="org.opentox.jaqpot3.AppTest">
  <properties>
    <property name="java.runtime.name" value="Java(TM) SE Runtime Environment"/>
    <property name="sun.boot.library.path" value="/usr/lib/jvm/java-6-sun-1.6.0.24/jre/lib/amd64"/>
    <property name="java.vm.version" value="19.1-b02"/>
    <property name="java.vm.vendor" value="Sun Microsystems Inc."/>
    <property name="java.vendor.url" value="http://java.sun.com/"/>
    <property name="path.separator" value=":"/>
    <property name="java.vm.name" value="Java HotSpot(TM) 64-Bit Server VM"/>
    <property name="file.encoding.pkg" value="sun.io"/>
    <property name="user.country" value="US"/>
    <property name="sun.java.launcher" value="SUN_STANDARD"/>
    <property name="sun.os.patch.level" value="unknown"/>
    <property name="java.vm.specification.name" value="Java Virtual Machine Specification"/>
    <property name="user.dir" value="/home/chung/NetBeansProjects/jaqpot3/jaqpot3-standalone"/>
    <property name="java.runtime.version" value="1.6.0_24-b07"/>
    <property name="java.awt.graphicsenv" value="sun.awt.X11GraphicsEnvironment"/>
    <property name="basedir" value="/home/chung/NetBeansProjects/jaqpot3/jaqpot3-standalone"/>
    <property name="java.endorsed.dirs" value="/usr/lib/jvm/java-6-sun-1.6.0.24/jre/lib/endorsed"/>
    <property name="os.arch" value="amd64"/>
    <property name="surefire.real.class.path" value="/tmp/surefirebooter8586797265502855333.jar"/>
    <property name="java.io.tmpdir" value="/tmp"/>
    <property name="line.separator" value="
"/>
    <property name="java.vm.specification.vendor" value="Sun Microsystems Inc."/>
    <property name="os.name" value="Linux"/>
    <property name="sun.jnu.encoding" value="UTF-8"/>
    <property name="java.library.path" value="/usr/lib/jvm/java-6-sun-1.6.0.24/jre/lib/amd64/server:/usr/lib/jvm/java-6-sun-1.6.0.24/jre/lib/amd64:/usr/lib/jvm/java-6-sun-1.6.0.24/jre/../lib/amd64:/usr/java/packages/lib/amd64:/usr/lib64:/lib64:/lib:/usr/lib"/>
    <property name="surefire.test.class.path" value="/home/chung/NetBeansProjects/jaqpot3/jaqpot3-standalone/target/test-classes:/home/chung/NetBeansProjects/jaqpot3/jaqpot3-standalone/target/classes:/home/chung/.m2/repository/org/restlet/jse/org.restlet/2.0-M7/org.restlet-2.0-M7.jar:/home/chung/.m2/repository/org/osgi/org.osgi.core/4.0.0/org.osgi.core-4.0.0.jar:/home/chung/.m2/repository/org/restlet/jse/org.restlet.ext.grizzly/2.0-M7/org.restlet.ext.grizzly-2.0-M7.jar:/home/chung/.m2/repository/com/sun/grizzly/grizzly-framework/1.9.18b/grizzly-framework-1.9.18b.jar:/home/chung/.m2/repository/com/sun/grizzly/grizzly-utils/1.9.18b/grizzly-utils-1.9.18b.jar:/home/chung/.m2/repository/org/restlet/jse/org.restlet.ext.wadl/2.0-M7/org.restlet.ext.wadl-2.0-M7.jar:/home/chung/.m2/repository/org/restlet/jse/org.restlet.ext.xml/2.0-M7/org.restlet.ext.xml-2.0-M7.jar:/home/chung/.m2/repository/junit/junit/4.1/junit-4.1.jar:/home/chung/.m2/repository/org/opentox/toxotis/database/ToxOtis-db/0.2.2-SNAPSHOT/ToxOtis-db-0.2.2-SNAPSHOT.jar:/home/chung/.m2/repository/c3p0/c3p0/0.9.1/c3p0-0.9.1.jar:/home/chung/.m2/repository/mysql/mysql-connector-java/5.1.14/mysql-connector-java-5.1.14.jar:/home/chung/.m2/repository/commons-pool/commons-pool/1.5.4/commons-pool-1.5.4.jar:/home/chung/.m2/repository/org/opentox/toxotis/ToxOtis-core/0.5.5/ToxOtis-core-0.5.5.jar:/home/chung/.m2/repository/weka/weka/3.6.0/weka-3.6.0.jar:/home/chung/.m2/repository/com/cedarsoft/serialization/stax-mate/2.1.0/stax-mate-2.1.0-all.jar:/home/chung/.m2/repository/com/cedarsoft/serialization/2.1.0/serialization-2.1.0.jar:/home/chung/.m2/repository/com/cedarsoft/commons/version/3.0.1/version-3.0.1.jar:/home/chung/.m2/repository/com/cedarsoft/serialization/stax/2.1.0/stax-2.1.0.jar:/home/chung/.m2/repository/org/codehaus/staxmate/staxmate/2.0.0/staxmate-2.0.0.jar:/home/chung/.m2/repository/org/codehaus/woodstox/stax2-api/3.0.3/stax2-api-3.0.3.jar:/home/chung/.m2/repository/javax/xml/stream/stax-api/1.0-2/stax-api-1.0-2.jar:/home/chung/.m2/repository/org/codehaus/woodstox/woodstox-core-asl/4.0.9/woodstox-core-asl-4.0.9.jar:/home/chung/.m2/repository/org/slf4j/slf4j-log4j12/1.4.0/slf4j-log4j12-1.4.0.jar:/home/chung/.m2/repository/org/slf4j/slf4j-api/1.5.8/slf4j-api-1.5.8.jar:/home/chung/.m2/repository/log4j/log4j/1.2.16/log4j-1.2.16.jar:/home/chung/.m2/repository/com/hp/hpl/jena/jena/2.6.4/jena-2.6.4.jar:/home/chung/.m2/repository/com/hp/hpl/jena/iri/0.8/iri-0.8.jar:/home/chung/.m2/repository/com/ibm/icu/icu4j/3.4.4/icu4j-3.4.4.jar:/home/chung/.m2/repository/xerces/xercesImpl/2.7.1/xercesImpl-2.7.1.jar:/home/chung/.m2/repository/Jama/Jama/1.0.2/Jama-1.0.2.jar:"/>
    <property name="java.specification.name" value="Java Platform API Specification"/>
    <property name="java.class.version" value="50.0"/>
    <property name="sun.management.compiler" value="HotSpot 64-Bit Server Compiler"/>
    <property name="os.version" value="2.6.31-23-generic"/>
    <property name="user.home" value="/home/chung"/>
    <property name="user.timezone" value=""/>
    <property name="java.awt.printerjob" value="sun.print.PSPrinterJob"/>
    <property name="file.encoding" value="UTF-8"/>
    <property name="java.specification.version" value="1.6"/>
    <property name="user.name" value="chung"/>
    <property name="java.class.path" value="/home/chung/NetBeansProjects/jaqpot3/jaqpot3-standalone/target/test-classes:/home/chung/NetBeansProjects/jaqpot3/jaqpot3-standalone/target/classes:/home/chung/.m2/repository/org/restlet/jse/org.restlet/2.0-M7/org.restlet-2.0-M7.jar:/home/chung/.m2/repository/org/osgi/org.osgi.core/4.0.0/org.osgi.core-4.0.0.jar:/home/chung/.m2/repository/org/restlet/jse/org.restlet.ext.grizzly/2.0-M7/org.restlet.ext.grizzly-2.0-M7.jar:/home/chung/.m2/repository/com/sun/grizzly/grizzly-framework/1.9.18b/grizzly-framework-1.9.18b.jar:/home/chung/.m2/repository/com/sun/grizzly/grizzly-utils/1.9.18b/grizzly-utils-1.9.18b.jar:/home/chung/.m2/repository/org/restlet/jse/org.restlet.ext.wadl/2.0-M7/org.restlet.ext.wadl-2.0-M7.jar:/home/chung/.m2/repository/org/restlet/jse/org.restlet.ext.xml/2.0-M7/org.restlet.ext.xml-2.0-M7.jar:/home/chung/.m2/repository/junit/junit/4.1/junit-4.1.jar:/home/chung/.m2/repository/org/opentox/toxotis/database/ToxOtis-db/0.2.2-SNAPSHOT/ToxOtis-db-0.2.2-SNAPSHOT.jar:/home/chung/.m2/repository/c3p0/c3p0/0.9.1/c3p0-0.9.1.jar:/home/chung/.m2/repository/mysql/mysql-connector-java/5.1.14/mysql-connector-java-5.1.14.jar:/home/chung/.m2/repository/commons-pool/commons-pool/1.5.4/commons-pool-1.5.4.jar:/home/chung/.m2/repository/org/opentox/toxotis/ToxOtis-core/0.5.5/ToxOtis-core-0.5.5.jar:/home/chung/.m2/repository/weka/weka/3.6.0/weka-3.6.0.jar:/home/chung/.m2/repository/com/cedarsoft/serialization/stax-mate/2.1.0/stax-mate-2.1.0-all.jar:/home/chung/.m2/repository/com/cedarsoft/serialization/2.1.0/serialization-2.1.0.jar:/home/chung/.m2/repository/com/cedarsoft/commons/version/3.0.1/version-3.0.1.jar:/home/chung/.m2/repository/com/cedarsoft/serialization/stax/2.1.0/stax-2.1.0.jar:/home/chung/.m2/repository/org/codehaus/staxmate/staxmate/2.0.0/staxmate-2.0.0.jar:/home/chung/.m2/repository/org/codehaus/woodstox/stax2-api/3.0.3/stax2-api-3.0.3.jar:/home/chung/.m2/repository/javax/xml/stream/stax-api/1.0-2/stax-api-1.0-2.jar:/home/chung/.m2/repository/org/codehaus/woodstox/woodstox-core-asl/4.0.9/woodstox-core-asl-4.0.9.jar:/home/chung/.m2/repository/org/slf4j/slf4j-log4j12/1.4.0/slf4j-log4j12-1.4.0.jar:/home/chung/.m2/repository/org/slf4j/slf4j-api/1.5.8/slf4j-api-1.5.8.jar:/home/chung/.m2/repository/log4j/log4j/1.2.16/log4j-1.2.16.jar:/home/chung/.m2/repository/com/hp/hpl/jena/jena/2.6.4/jena-2.6.4.jar:/home/chung/.m2/repository/com/hp/hpl/jena/iri/0.8/iri-0.8.jar:/home/chung/.m2/repository/com/ibm/icu/icu4j/3.4.4/icu4j-3.4.4.jar:/home/chung/.m2/repository/xerces/xercesImpl/2.7.1/xercesImpl-2.7.1.jar:/home/chung/.m2/repository/Jama/Jama/1.0.2/Jama-1.0.2.jar:"/>
    <property name="java.vm.specification.version" value="1.0"/>
    <property name="sun.arch.data.model" value="64"/>
    <property name="java.home" value="/usr/lib/jvm/java-6-sun-1.6.0.24/jre"/>
    <property name="java.specification.vendor" value="Sun Microsystems Inc."/>
    <property name="user.language" value="en"/>
    <property name="java.vm.info" value="mixed mode"/>
    <property name="java.version" value="1.6.0_24"/>
    <property name="java.ext.dirs" value="/usr/lib/jvm/java-6-sun-1.6.0.24/jre/lib/ext:/usr/java/packages/lib/ext"/>
    <property name="sun.boot.class.path" value="/usr/lib/jvm/java-6-sun-1.6.0.24/jre/lib/resources.jar:/usr/lib/jvm/java-6-sun-1.6.0.24/jre/lib/rt.jar:/usr/lib/jvm/java-6-sun-1.6.0.24/jre/lib/sunrsasign.jar:/usr/lib/jvm/java-6-sun-1.6.0.24/jre/lib/jsse.jar:/usr/lib/jvm/java-6-sun-1.6.0.24/jre/lib/jce.jar:/usr/lib/jvm/java-6-sun-1.6.0.24/jre/lib/charsets.jar:/usr/lib/jvm/java-6-sun-1.6.0.24/jre/lib/modules/jdk.boot.jar:/usr/lib/jvm/java-6-sun-1.6.0.24/jre/classes"/>
    <property name="java.vendor" value="Sun Microsystems Inc."/>
    <property name="localRepository" value="/home/chung/.m2/repository"/>
    <property name="file.separator" value="/"/>
    <property name="java.vendor.url.bug" value="http://java.sun.com/cgi-bin/bugreport.cgi"/>
    <property name="sun.cpu.endian" value="little"/>
    <property name="sun.io.unicode.encoding" value="UnicodeLittle"/>
    <property name="sun.desktop" value="gnome"/>
    <property name="sun.cpu.isalist" value=""/>
  </properties>
  <testcase time="0.008" classname="org.opentox.jaqpot3.AppTest" name="testApp"/>
</testsuite>